<?xml version="1.0" encoding="UTF-8"?>
<testsuite name="alone_project.alone.controller.BlogApiControllerTest" tests="1" skipped="0" failures="0" errors="0" timestamp="2024-08-14T08:11:52" hostname="KNJ" time="0.726">
  <properties/>
  <testcase name="블로그 글 추가 : addArticle" classname="alone_project.alone.controller.BlogApiControllerTest" time="0.726"/>
  <system-out><![CDATA[17:11:49.005 [Test worker] INFO org.springframework.test.context.support.AnnotationConfigContextLoaderUtils -- Could not detect default configuration classes for test class [alone_project.alone.controller.BlogApiControllerTest]: BlogApiControllerTest does not declare any static, non-private, non-final, nested classes annotated with @Configuration.
17:11:49.130 [Test worker] INFO org.springframework.boot.test.context.SpringBootTestContextBootstrapper -- Found @SpringBootConfiguration alone_project.alone.AloneApplication for test class alone_project.alone.controller.BlogApiControllerTest

  .   ____          _            __ _ _
 /\\ / ___'_ __ _ _(_)_ __  __ _ \ \ \ \
( ( )\___ | '_ | '_| | '_ \/ _` | \ \ \ \
 \\/  ___)| |_)| | | | | || (_| |  ) ) ) )
  '  |____| .__|_| |_|_| |_\__, | / / / /
 =========|_|==============|___/=/_/_/_/

 :: Spring Boot ::                (v3.3.2)

2024-08-14T17:11:49.593+09:00  INFO 16992 --- [    Test worker] a.a.controller.BlogApiControllerTest     : Starting BlogApiControllerTest using Java 17.0.12 with PID 16992 (started by cjsla in C:\Users\cjsla\OneDrive\바탕 화면\혼자서\alone)
2024-08-14T17:11:49.595+09:00  INFO 16992 --- [    Test worker] a.a.controller.BlogApiControllerTest     : No active profile set, falling back to 1 default profile: "default"
2024-08-14T17:11:50.306+09:00  INFO 16992 --- [    Test worker] .s.d.r.c.RepositoryConfigurationDelegate : Bootstrapping Spring Data JPA repositories in DEFAULT mode.
2024-08-14T17:11:50.354+09:00  INFO 16992 --- [    Test worker] .s.d.r.c.RepositoryConfigurationDelegate : Finished Spring Data repository scanning in 40 ms. Found 1 JPA repository interface.
2024-08-14T17:11:50.767+09:00  INFO 16992 --- [    Test worker] o.hibernate.jpa.internal.util.LogHelper  : HHH000204: Processing PersistenceUnitInfo [name: default]
2024-08-14T17:11:50.819+09:00  INFO 16992 --- [    Test worker] org.hibernate.Version                    : HHH000412: Hibernate ORM core version 6.5.2.Final
2024-08-14T17:11:50.847+09:00  INFO 16992 --- [    Test worker] o.h.c.internal.RegionFactoryInitiator    : HHH000026: Second-level cache disabled
2024-08-14T17:11:51.139+09:00  INFO 16992 --- [    Test worker] o.s.o.j.p.SpringPersistenceUnitInfo      : No LoadTimeWeaver setup: ignoring JPA class transformer
2024-08-14T17:11:51.161+09:00  INFO 16992 --- [    Test worker] com.zaxxer.hikari.HikariDataSource       : HikariPool-1 - Starting...
2024-08-14T17:11:51.224+09:00  INFO 16992 --- [    Test worker] com.zaxxer.hikari.pool.HikariPool        : HikariPool-1 - Added connection conn0: url=jdbc:h2:tcp://localhost/~/alone user=SA
2024-08-14T17:11:51.225+09:00  INFO 16992 --- [    Test worker] com.zaxxer.hikari.HikariDataSource       : HikariPool-1 - Start completed.
2024-08-14T17:11:51.941+09:00  INFO 16992 --- [    Test worker] o.h.e.t.j.p.i.JtaPlatformInitiator       : HHH000489: No JTA platform available (set 'hibernate.transaction.jta.platform' to enable JTA platform integration)
2024-08-14T17:11:51.955+09:00 DEBUG 16992 --- [    Test worker] org.hibernate.SQL                        : 
    drop table if exists article cascade 
Hibernate: 
    drop table if exists article cascade 
2024-08-14T17:11:51.965+09:00 DEBUG 16992 --- [    Test worker] org.hibernate.SQL                        : 
    create table article (
        id bigint generated by default as identity,
        content varchar(255) not null,
        title varchar(255) not null,
        primary key (id)
    )
Hibernate: 
    create table article (
        id bigint generated by default as identity,
        content varchar(255) not null,
        title varchar(255) not null,
        primary key (id)
    )
2024-08-14T17:11:51.970+09:00  INFO 16992 --- [    Test worker] j.LocalContainerEntityManagerFactoryBean : Initialized JPA EntityManagerFactory for persistence unit 'default'
2024-08-14T17:11:52.297+09:00  WARN 16992 --- [    Test worker] JpaBaseConfiguration$JpaWebConfiguration : spring.jpa.open-in-view is enabled by default. Therefore, database queries may be performed during view rendering. Explicitly configure spring.jpa.open-in-view to disable this warning
2024-08-14T17:11:52.318+09:00  INFO 16992 --- [    Test worker] o.s.b.a.w.s.WelcomePageHandlerMapping    : Adding welcome page: class path resource [static/index.html]
2024-08-14T17:11:52.667+09:00  INFO 16992 --- [    Test worker] o.s.b.t.m.w.SpringBootMockServletContext : Initializing Spring TestDispatcherServlet ''
2024-08-14T17:11:52.667+09:00  INFO 16992 --- [    Test worker] o.s.t.web.servlet.TestDispatcherServlet  : Initializing Servlet ''
2024-08-14T17:11:52.669+09:00  INFO 16992 --- [    Test worker] o.s.t.web.servlet.TestDispatcherServlet  : Completed initialization in 1 ms
2024-08-14T17:11:52.693+09:00  INFO 16992 --- [    Test worker] a.a.controller.BlogApiControllerTest     : Started BlogApiControllerTest in 3.403 seconds (process running for 4.629)
2024-08-14T17:11:53.090+09:00  INFO 16992 --- [    Test worker] o.s.b.t.m.w.SpringBootMockServletContext : Initializing Spring TestDispatcherServlet ''
2024-08-14T17:11:53.090+09:00  INFO 16992 --- [    Test worker] o.s.t.web.servlet.TestDispatcherServlet  : Initializing Servlet ''
2024-08-14T17:11:53.092+09:00  INFO 16992 --- [    Test worker] o.s.t.web.servlet.TestDispatcherServlet  : Completed initialization in 2 ms
2024-08-14T17:11:53.214+09:00 DEBUG 16992 --- [    Test worker] org.hibernate.SQL                        : 
    select
        a1_0.id,
        a1_0.content,
        a1_0.title 
    from
        article a1_0
Hibernate: 
    select
        a1_0.id,
        a1_0.content,
        a1_0.title 
    from
        article a1_0
2024-08-14T17:11:53.333+09:00 DEBUG 16992 --- [    Test worker] org.hibernate.SQL                        : 
    insert 
    into
        article
        (content, title, id) 
    values
        (?, ?, default)
Hibernate: 
    insert 
    into
        article
        (content, title, id) 
    values
        (?, ?, default)
2024-08-14T17:11:53.337+09:00 TRACE 16992 --- [    Test worker] org.hibernate.orm.jdbc.bind              : binding parameter (1:VARCHAR) <- [content입니다.]
2024-08-14T17:11:53.337+09:00 TRACE 16992 --- [    Test worker] org.hibernate.orm.jdbc.bind              : binding parameter (2:VARCHAR) <- [title입니다.]
2024-08-14T17:11:53.373+09:00 DEBUG 16992 --- [    Test worker] org.hibernate.SQL                        : 
    select
        a1_0.id,
        a1_0.content,
        a1_0.title 
    from
        article a1_0
Hibernate: 
    select
        a1_0.id,
        a1_0.content,
        a1_0.title 
    from
        article a1_0
]]></system-out>
  <system-err><![CDATA[]]></system-err>
</testsuite>
