<?xml version="1.0" encoding="UTF-8"?>
<testsuite name="alone_project.alone.controller.BlogApiControllerTest" tests="2" skipped="0" failures="0" errors="0" timestamp="2024-08-16T08:56:48" hostname="KNJ" time="0.779">
  <properties/>
  <testcase name="블로그 글 목록 조회 : findAllArticles" classname="alone_project.alone.controller.BlogApiControllerTest" time="0.683"/>
  <testcase name="블로그 글 추가 : addArticle" classname="alone_project.alone.controller.BlogApiControllerTest" time="0.094"/>
  <system-out><![CDATA[17:56:44.798 [Test worker] INFO org.springframework.test.context.support.AnnotationConfigContextLoaderUtils -- Could not detect default configuration classes for test class [alone_project.alone.controller.BlogApiControllerTest]: BlogApiControllerTest does not declare any static, non-private, non-final, nested classes annotated with @Configuration.
17:56:44.911 [Test worker] INFO org.springframework.boot.test.context.SpringBootTestContextBootstrapper -- Found @SpringBootConfiguration alone_project.alone.AloneApplication for test class alone_project.alone.controller.BlogApiControllerTest

  .   ____          _            __ _ _
 /\\ / ___'_ __ _ _(_)_ __  __ _ \ \ \ \
( ( )\___ | '_ | '_| | '_ \/ _` | \ \ \ \
 \\/  ___)| |_)| | | | | || (_| |  ) ) ) )
  '  |____| .__|_| |_|_| |_\__, | / / / /
 =========|_|==============|___/=/_/_/_/

 :: Spring Boot ::                (v3.3.2)

2024-08-16T17:56:45.310+09:00  INFO 7528 --- [    Test worker] a.a.controller.BlogApiControllerTest     : Starting BlogApiControllerTest using Java 17.0.12 with PID 7528 (started by cjsla in C:\Users\cjsla\OneDrive\바탕 화면\혼자서2\alone)
2024-08-16T17:56:45.311+09:00  INFO 7528 --- [    Test worker] a.a.controller.BlogApiControllerTest     : No active profile set, falling back to 1 default profile: "default"
2024-08-16T17:56:45.909+09:00  INFO 7528 --- [    Test worker] .s.d.r.c.RepositoryConfigurationDelegate : Bootstrapping Spring Data JPA repositories in DEFAULT mode.
2024-08-16T17:56:45.960+09:00  INFO 7528 --- [    Test worker] .s.d.r.c.RepositoryConfigurationDelegate : Finished Spring Data repository scanning in 42 ms. Found 1 JPA repository interface.
2024-08-16T17:56:46.315+09:00  INFO 7528 --- [    Test worker] com.zaxxer.hikari.HikariDataSource       : HikariPool-1 - Starting...
2024-08-16T17:56:46.513+09:00  INFO 7528 --- [    Test worker] com.zaxxer.hikari.pool.HikariPool        : HikariPool-1 - Added connection conn0: url=jdbc:h2:mem:alone user=SA
2024-08-16T17:56:46.516+09:00  INFO 7528 --- [    Test worker] com.zaxxer.hikari.HikariDataSource       : HikariPool-1 - Start completed.
2024-08-16T17:56:46.566+09:00  INFO 7528 --- [    Test worker] o.hibernate.jpa.internal.util.LogHelper  : HHH000204: Processing PersistenceUnitInfo [name: default]
2024-08-16T17:56:46.622+09:00  INFO 7528 --- [    Test worker] org.hibernate.Version                    : HHH000412: Hibernate ORM core version 6.5.2.Final
2024-08-16T17:56:46.654+09:00  INFO 7528 --- [    Test worker] o.h.c.internal.RegionFactoryInitiator    : HHH000026: Second-level cache disabled
2024-08-16T17:56:46.908+09:00  INFO 7528 --- [    Test worker] o.s.o.j.p.SpringPersistenceUnitInfo      : No LoadTimeWeaver setup: ignoring JPA class transformer
2024-08-16T17:56:47.621+09:00  INFO 7528 --- [    Test worker] o.h.e.t.j.p.i.JtaPlatformInitiator       : HHH000489: No JTA platform available (set 'hibernate.transaction.jta.platform' to enable JTA platform integration)
Hibernate: 
    drop table if exists article cascade 
Hibernate: 
    create table article (
        id bigint generated by default as identity,
        content varchar(255) not null,
        title varchar(255) not null,
        primary key (id)
    )
2024-08-16T17:56:47.660+09:00  INFO 7528 --- [    Test worker] j.LocalContainerEntityManagerFactoryBean : Initialized JPA EntityManagerFactory for persistence unit 'default'
2024-08-16T17:56:47.994+09:00  WARN 7528 --- [    Test worker] JpaBaseConfiguration$JpaWebConfiguration : spring.jpa.open-in-view is enabled by default. Therefore, database queries may be performed during view rendering. Explicitly configure spring.jpa.open-in-view to disable this warning
2024-08-16T17:56:48.015+09:00  INFO 7528 --- [    Test worker] o.s.b.a.w.s.WelcomePageHandlerMapping    : Adding welcome page: class path resource [static/index.html]
2024-08-16T17:56:48.299+09:00  INFO 7528 --- [    Test worker] o.s.b.a.h2.H2ConsoleAutoConfiguration    : H2 console available at '/h2-console'. Database available at 'jdbc:h2:mem:alone'
2024-08-16T17:56:48.363+09:00  INFO 7528 --- [    Test worker] o.s.b.t.m.w.SpringBootMockServletContext : Initializing Spring TestDispatcherServlet ''
2024-08-16T17:56:48.363+09:00  INFO 7528 --- [    Test worker] o.s.t.web.servlet.TestDispatcherServlet  : Initializing Servlet ''
2024-08-16T17:56:48.365+09:00  INFO 7528 --- [    Test worker] o.s.t.web.servlet.TestDispatcherServlet  : Completed initialization in 1 ms
2024-08-16T17:56:48.389+09:00  INFO 7528 --- [    Test worker] a.a.controller.BlogApiControllerTest     : Started BlogApiControllerTest in 3.327 seconds (process running for 4.41)
2024-08-16T17:56:48.783+09:00  INFO 7528 --- [    Test worker] o.s.b.t.m.w.SpringBootMockServletContext : Initializing Spring TestDispatcherServlet ''
2024-08-16T17:56:48.784+09:00  INFO 7528 --- [    Test worker] o.s.t.web.servlet.TestDispatcherServlet  : Initializing Servlet ''
2024-08-16T17:56:48.784+09:00  INFO 7528 --- [    Test worker] o.s.t.web.servlet.TestDispatcherServlet  : Completed initialization in 0 ms
Hibernate: 
    select
        a1_0.id,
        a1_0.content,
        a1_0.title 
    from
        article a1_0
Hibernate: 
    delete 
    from
        article 
    where
        id=?
Hibernate: 
    delete 
    from
        article 
    where
        id=?
Hibernate: 
    delete 
    from
        article 
    where
        id=?
Hibernate: 
    insert 
    into
        article
        (content, title, id) 
    values
        (?, ?, default)
Hibernate: 
    insert 
    into
        article
        (content, title, id) 
    values
        (?, ?, default)
Hibernate: 
    select
        a1_0.id,
        a1_0.content,
        a1_0.title 
    from
        article a1_0
2024-08-16T17:56:49.091+09:00  INFO 7528 --- [    Test worker] o.s.b.t.m.w.SpringBootMockServletContext : Initializing Spring TestDispatcherServlet ''
2024-08-16T17:56:49.092+09:00  INFO 7528 --- [    Test worker] o.s.t.web.servlet.TestDispatcherServlet  : Initializing Servlet ''
2024-08-16T17:56:49.093+09:00  INFO 7528 --- [    Test worker] o.s.t.web.servlet.TestDispatcherServlet  : Completed initialization in 1 ms
Hibernate: 
    select
        a1_0.id,
        a1_0.content,
        a1_0.title 
    from
        article a1_0
Hibernate: 
    delete 
    from
        article 
    where
        id=?
Hibernate: 
    delete 
    from
        article 
    where
        id=?
Hibernate: 
    insert 
    into
        article
        (content, title, id) 
    values
        (?, ?, default)
Hibernate: 
    select
        a1_0.id,
        a1_0.content,
        a1_0.title 
    from
        article a1_0
]]></system-out>
  <system-err><![CDATA[]]></system-err>
</testsuite>
